#
# There is insufficient memory for the Java Runtime Environment to continue.
# Native memory allocation (mmap) failed to map 134217728 bytes. Error detail: G1 virtual space
# Possible reasons:
#   The system is out of physical RAM or swap space
#   This process is running with CompressedOops enabled, and the Java Heap may be blocking the growth of the native heap
# Possible solutions:
#   Reduce memory load on the system
#   Increase physical memory or swap space
#   Check if swap backing store is full
#   Decrease Java heap size (-Xmx/-Xms)
#   Decrease number of Java threads
#   Decrease Java thread stack sizes (-Xss)
#   Set larger code cache with -XX:ReservedCodeCacheSize=
#   JVM is running with Unscaled Compressed Oops mode in which the Java heap is
#     placed in the first 4GB address space. The Java Heap base address is the
#     maximum limit for the native heap growth. Please use -XX:HeapBaseMinAddress
#     to set the Java Heap base and to place the Java Heap above 4GB virtual address.
# This output file may be truncated or incomplete.
#
#  Out of Memory Error (os_windows.cpp:3815), pid=12896, tid=1256
#
# JRE version:  (21.0.3+13) (build )
# Java VM: OpenJDK 64-Bit Server VM (21.0.3+13-b509.4, mixed mode, sharing, tiered, compressed oops, compressed class ptrs, g1 gc, windows-amd64)
# No core dump will be written. Minidumps are not enabled by default on client versions of Windows
#

---------------  S U M M A R Y ------------

Command Line: -Djava.rmi.server.hostname=127.0.0.1 -Duser.timezone=UTC -Xmx2048m -Xms128m -Djdbc.classpath=C:\Program Files\JetBrains\IntelliJ IDEA 2024.2\plugins\DatabaseTools\lib\jdbc-console.jar;C:\Users\1\AppData\Roaming\JetBrains\IntelliJIdea2024.2\jdbc-drivers\MySQL ConnectorJ\8.2.0\com\mysql\mysql-connector-j\8.2.0\mysql-connector-j-8.2.0.jar;C:\Users\1\AppData\Roaming\JetBrains\IntelliJIdea2024.2\jdbc-drivers\MySQL ConnectorJ\8.2.0\com\google\protobuf\protobuf-java\3.21.9\protobuf-java-3.21.9.jar --add-exports=java.desktop/sun.awt=ALL-UNNAMED --add-exports=java.desktop/java.awt.peer=ALL-UNNAMED --add-opens=java.desktop/java.awt=ALL-UNNAMED --add-opens=jdk.unsupported/sun.misc=ALL-UNNAMED --add-opens=java.base/java.nio=ALL-UNNAMED --add-opens=java.base/java.util=ALL-UNNAMED -Dfile.encoding=UTF-8 -Dsun.stdout.encoding=UTF-8 -Dsun.stderr.encoding=UTF-8 com.intellij.database.remote.RemoteJdbcServer com.mysql.cj.jdbc.Driver

Host: Intel(R) Core(TM) i7-6820HQ CPU @ 2.70GHz, 8 cores, 15G,  Windows 10 , 64 bit Build 19041 (10.0.19041.4842)
Time: Sun Sep 15 13:49:06 2024  Windows 10 , 64 bit Build 19041 (10.0.19041.4842) elapsed time: 0.014683 seconds (0d 0h 0m 0s)

---------------  T H R E A D  ---------------

Current thread (0x0000025861e20930):  JavaThread "Unknown thread" [_thread_in_vm, id=1256, stack(0x0000009badb00000,0x0000009badc00000) (1024K)]

Stack: [0x0000009badb00000,0x0000009badc00000]
Native frames: (J=compiled Java code, j=interpreted, Vv=VM code, C=native code)
V  [jvm.dll+0x6e02e9]
V  [jvm.dll+0x8bd373]
V  [jvm.dll+0x8bf8ce]
V  [jvm.dll+0x8bffb3]
V  [jvm.dll+0x2879b6]
V  [jvm.dll+0x6dcab5]
V  [jvm.dll+0x6d0f8a]
V  [jvm.dll+0x35f9ab]
V  [jvm.dll+0x367556]
V  [jvm.dll+0x3b8b46]
V  [jvm.dll+0x3b8e18]
V  [jvm.dll+0x33216c]
V  [jvm.dll+0x332e5b]
V  [jvm.dll+0x8845d9]
V  [jvm.dll+0x3c5f28]
V  [jvm.dll+0x86d7fd]
V  [jvm.dll+0x45ab8e]
V  [jvm.dll+0x45c761]
C  [jli.dll+0x52ab]
C  [ucrtbase.dll+0x21bb2]
C  [KERNEL32.DLL+0x17374]
C  [ntdll.dll+0x4cc91]


---------------  P R O C E S S  ---------------

Threads class SMR info:
_java_thread_list=0x00007ffbc8dcd108, length=0, elements={
}

Java Threads: ( => current thread )
Total: 0

Other Threads:
  0x00000258640b56d0 WorkerThread "GC Thread#0"                     [id=12628, stack(0x0000009badc00000,0x0000009badd00000) (1024K)]
  0x00000258640c6770 ConcurrentGCThread "G1 Main Marker"            [id=14068, stack(0x0000009badd00000,0x0000009bade00000) (1024K)]
  0x00000258640c7920 WorkerThread "G1 Conc#0"                       [id=12392, stack(0x0000009bade00000,0x0000009badf00000) (1024K)]

[error occurred during error reporting (printing all threads), id 0xc0000005, EXCEPTION_ACCESS_VIOLATION (0xc0000005) at pc=0x00007ffbc84c52c7]
VM state: not at safepoint (not fully initialized)

VM Mutex/Monitor currently owned by a thread:  ([mutex/lock_event])
[0x00007ffbc8e41858] Heap_lock - owner thread: 0x0000025861e20930

Heap address: 0x0000000080000000, size: 2048 MB, Compressed Oops mode: 32-bit

CDS archive(s) mapped at: [0x0000000000000000-0x0000000000000000-0x0000000000000000), size 0, SharedBaseAddress: 0x0000000800000000, ArchiveRelocationMode: 1.
Narrow klass base: 0x0000000000000000, Narrow klass shift: 0, Narrow klass range: 0x0

GC Precious Log:
 CardTable entry size: 512
 Card Set container configuration: InlinePtr #cards 5 size 8 Array Of Cards #cards 12 size 40 Howl #buckets 4 coarsen threshold 1843 Howl Bitmap #cards 512 size 80 coarsen threshold 460 Card regions per heap region 1 cards per card region 2048

Heap:
 garbage-first heap   total 0K, used 0K [0x0000000080000000, 0x0000000100000000)
  region size 1024K, 0 young (0K), 0 survivors (0K)
 Metaspace       used 0K, committed 0K, reserved 0K
  class space    used 0K, committed 0K, reserved 0K

Heap Regions: E=young(eden), S=young(survivor), O=old, HS=humongous(starts), HC=humongous(continues), CS=collection set, F=free, TAMS=top-at-mark-start, PB=parsable bottom

Card table byte_map: [0x00000258776b0000,0x0000025877ab0000] _byte_map_base: 0x00000258772b0000

Marking Bits: (CMBitMap*) 0x00000258640b5ce0
 Bits: [0x0000025877ab0000, 0x0000025879ab0000)

GC Heap History (0 events):
No events

Dll operation events (1 events):
Event: 0.008 Loaded shared library C:\Program Files\JetBrains\IntelliJ IDEA 2024.2\jbr\bin\java.dll

Deoptimization events (0 events):
No events

Classes loaded (0 events):
No events

Classes unloaded (0 events):
No events

Classes redefined (0 events):
No events

Internal exceptions (0 events):
No events

ZGC Phase Switch (0 events):
No events

VM Operations (0 events):
No events

Events (0 events):
No events


Dynamic libraries:
0x00007ff6f45d0000 - 0x00007ff6f45da000 	C:\Program Files\JetBrains\IntelliJ IDEA 2024.2\jbr\bin\java.exe
0x00007ffc2ba10000 - 0x00007ffc2bc08000 	C:\Windows\SYSTEM32\ntdll.dll
0x00007ffc2b530000 - 0x00007ffc2b5f1000 	C:\Windows\System32\KERNEL32.DLL
0x00007ffc29160000 - 0x00007ffc2945d000 	C:\Windows\System32\KERNELBASE.dll
0x00007ffc29820000 - 0x00007ffc29920000 	C:\Windows\System32\ucrtbase.dll
0x00007ffc229e0000 - 0x00007ffc229fb000 	C:\Program Files\JetBrains\IntelliJ IDEA 2024.2\jbr\bin\VCRUNTIME140.dll
0x00007ffc24060000 - 0x00007ffc24078000 	C:\Program Files\JetBrains\IntelliJ IDEA 2024.2\jbr\bin\jli.dll
0x00007ffc2ac60000 - 0x00007ffc2adfd000 	C:\Windows\System32\USER32.dll
0x00007ffc29590000 - 0x00007ffc295b2000 	C:\Windows\System32\win32u.dll
0x00007ffc1aa10000 - 0x00007ffc1acaa000 	C:\Windows\WinSxS\amd64_microsoft.windows.common-controls_6595b64144ccf1df_6.0.19041.4355_none_60b8b9eb71f62e16\COMCTL32.dll
0x00007ffc29a70000 - 0x00007ffc29a9b000 	C:\Windows\System32\GDI32.dll
0x00007ffc2af00000 - 0x00007ffc2af9e000 	C:\Windows\System32\msvcrt.dll
0x00007ffc29920000 - 0x00007ffc29a37000 	C:\Windows\System32\gdi32full.dll
0x00007ffc290c0000 - 0x00007ffc2915d000 	C:\Windows\System32\msvcp_win.dll
0x00007ffc2a450000 - 0x00007ffc2a47f000 	C:\Windows\System32\IMM32.DLL
0x00007ffc22300000 - 0x00007ffc2230c000 	C:\Program Files\JetBrains\IntelliJ IDEA 2024.2\jbr\bin\vcruntime140_1.dll
0x00007ffbffbc0000 - 0x00007ffbffc4d000 	C:\Program Files\JetBrains\IntelliJ IDEA 2024.2\jbr\bin\msvcp140.dll
0x00007ffbc8180000 - 0x00007ffbc8f32000 	C:\Program Files\JetBrains\IntelliJ IDEA 2024.2\jbr\bin\server\jvm.dll
0x00007ffc29aa0000 - 0x00007ffc29b50000 	C:\Windows\System32\ADVAPI32.dll
0x00007ffc2ae00000 - 0x00007ffc2aea0000 	C:\Windows\System32\sechost.dll
0x00007ffc2b7d0000 - 0x00007ffc2b8f3000 	C:\Windows\System32\RPCRT4.dll
0x00007ffc29460000 - 0x00007ffc29487000 	C:\Windows\System32\bcrypt.dll
0x00007ffc2b150000 - 0x00007ffc2b1bb000 	C:\Windows\System32\WS2_32.dll
0x00007ffc28650000 - 0x00007ffc2869b000 	C:\Windows\SYSTEM32\POWRPROF.dll
0x00007ffc1c180000 - 0x00007ffc1c1a7000 	C:\Windows\SYSTEM32\WINMM.dll
0x00007ffc23f30000 - 0x00007ffc23f3a000 	C:\Windows\SYSTEM32\VERSION.dll
0x00007ffc284c0000 - 0x00007ffc284d2000 	C:\Windows\SYSTEM32\UMPDC.dll
0x00007ffc27910000 - 0x00007ffc27922000 	C:\Windows\SYSTEM32\kernel.appcore.dll
0x00007ffc204f0000 - 0x00007ffc204fa000 	C:\Program Files\JetBrains\IntelliJ IDEA 2024.2\jbr\bin\jimage.dll
0x00007ffc26e30000 - 0x00007ffc27014000 	C:\Windows\SYSTEM32\DBGHELP.DLL
0x00007ffc1fac0000 - 0x00007ffc1faf4000 	C:\Windows\SYSTEM32\dbgcore.DLL
0x00007ffc29720000 - 0x00007ffc297a2000 	C:\Windows\System32\bcryptPrimitives.dll
0x00007ffc1e400000 - 0x00007ffc1e41f000 	C:\Program Files\JetBrains\IntelliJ IDEA 2024.2\jbr\bin\java.dll

dbghelp: loaded successfully - version: 4.0.5 - missing functions: none
symbol engine: initialized successfully - sym options: 0x614 - pdb path: .;C:\Program Files\JetBrains\IntelliJ IDEA 2024.2\jbr\bin;C:\Windows\SYSTEM32;C:\Windows\WinSxS\amd64_microsoft.windows.common-controls_6595b64144ccf1df_6.0.19041.4355_none_60b8b9eb71f62e16;C:\Program Files\JetBrains\IntelliJ IDEA 2024.2\jbr\bin\server

VM Arguments:
jvm_args: -Djava.rmi.server.hostname=127.0.0.1 -Duser.timezone=UTC -Xmx2048m -Xms128m -Djdbc.classpath=C:\Program Files\JetBrains\IntelliJ IDEA 2024.2\plugins\DatabaseTools\lib\jdbc-console.jar;C:\Users\1\AppData\Roaming\JetBrains\IntelliJIdea2024.2\jdbc-drivers\MySQL ConnectorJ\8.2.0\com\mysql\mysql-connector-j\8.2.0\mysql-connector-j-8.2.0.jar;C:\Users\1\AppData\Roaming\JetBrains\IntelliJIdea2024.2\jdbc-drivers\MySQL ConnectorJ\8.2.0\com\google\protobuf\protobuf-java\3.21.9\protobuf-java-3.21.9.jar --add-exports=java.desktop/sun.awt=ALL-UNNAMED --add-exports=java.desktop/java.awt.peer=ALL-UNNAMED --add-opens=java.desktop/java.awt=ALL-UNNAMED --add-opens=jdk.unsupported/sun.misc=ALL-UNNAMED --add-opens=java.base/java.nio=ALL-UNNAMED --add-opens=java.base/java.util=ALL-UNNAMED -Dfile.encoding=UTF-8 -Dsun.stdout.encoding=UTF-8 -Dsun.stderr.encoding=UTF-8 
java_command: com.intellij.database.remote.RemoteJdbcServer com.mysql.cj.jdbc.Driver
java_class_path (initial): C:\Program Files\JetBrains\IntelliJ IDEA 2024.2\lib\util_rt.jar;C:\Program Files\JetBrains\IntelliJ IDEA 2024.2\lib\util-8.jar;C:\Program Files\JetBrains\IntelliJ IDEA 2024.2\lib\groovy.jar;C:\Program Files\JetBrains\IntelliJ IDEA 2024.2\plugins\DatabaseTools\lib\jdbc-console.jar;C:\Program Files\JetBrains\IntelliJ IDEA 2024.2\plugins\grid-core-impl\lib\jdbc-console-types.jar;C:\Program Files\JetBrains\IntelliJ IDEA 2024.2\lib\util.jar;C:\Program Files\JetBrains\IntelliJ IDEA 2024.2\lib\bouncy-castle.jar
Launcher Type: SUN_STANDARD

[Global flags]
     intx CICompilerCount                          = 4                                         {product} {ergonomic}
     uint ConcGCThreads                            = 2                                         {product} {ergonomic}
     uint G1ConcRefinementThreads                  = 8                                         {product} {ergonomic}
   size_t G1HeapRegionSize                         = 1048576                                   {product} {ergonomic}
    uintx GCDrainStackTargetSize                   = 64                                        {product} {ergonomic}
   size_t InitialHeapSize                          = 134217728                                 {product} {command line}
   size_t MarkStackSize                            = 4194304                                   {product} {ergonomic}
   size_t MaxHeapSize                              = 2147483648                                {product} {command line}
   size_t MinHeapDeltaBytes                        = 1048576                                   {product} {ergonomic}
   size_t MinHeapSize                              = 134217728                                 {product} {command line}
    uintx NonNMethodCodeHeapSize                   = 5839372                                {pd product} {ergonomic}
    uintx NonProfiledCodeHeapSize                  = 122909434                              {pd product} {ergonomic}
    uintx ProfiledCodeHeapSize                     = 122909434                              {pd product} {ergonomic}
    uintx ReservedCodeCacheSize                    = 251658240                              {pd product} {ergonomic}
     bool SegmentedCodeCache                       = true                                      {product} {ergonomic}
   size_t SoftMaxHeapSize                          = 2147483648                             {manageable} {ergonomic}
     bool UseCompressedOops                        = true                           {product lp64_product} {ergonomic}
     bool UseG1GC                                  = true                                      {product} {ergonomic}
     bool UseLargePagesIndividualAllocation        = false                                  {pd product} {ergonomic}

Logging:
Log output configuration:
 #0: stdout all=warning uptime,level,tags foldmultilines=false
 #1: stderr all=off uptime,level,tags foldmultilines=false

Environment Variables:
PATH=C:\Program Files\Common Files\Oracle\Java\javapath;C:\ProgramData\Oracle\Java\javapath;C:\Windows\system32;C:\Windows;C:\Windows\System32\Wbem;C:\Windows\System32\WindowsPowerShell\v1.0\;C:\Windows\System32\OpenSSH\;C:\Program Files\TortoiseGit\bin;C:\Program Files\Git\cmd;C:\Program Files (x86)\Microsoft SQL Server\160\Tools\Binn\;C:\Program Files\Microsoft SQL Server\160\Tools\Binn\;C:\Program Files\Microsoft SQL Server\Client SDK\ODBC\170\Tools\Binn\;C:\Program Files\Microsoft SQL Server\160\DTS\Binn\;C:\Program Files (x86)\Microsoft SQL Server\160\DTS\Binn\;C:\Program Files\Azure Data Studio\bin;C:\Program Files\Microsoft SQL Server\150\Tools\Binn\;C:\Program Files\nodejs\;C;C:\Program Files\dotnet\;C:\Users\1\AppData\Local\Microsoft\WindowsApps;C:\Program Files\Azure Data Studio\bin;C:\Users\1\AppData\Local\GitHubDesktop\bin;C:\Users\1\AppData\Local\Programs\Microsoft VS Code\bin;C:\Users\1\AppData\Roaming\npm;C:\Users\1\.dotnet\tools
USERNAME=1
OS=Windows_NT
PROCESSOR_IDENTIFIER=Intel64 Family 6 Model 94 Stepping 3, GenuineIntel
TMP=C:\Users\1\AppData\Local\Temp
TEMP=C:\Users\1\AppData\Local\Temp




Periodic native trim disabled

JNI global refs:
JNI global refs: 0, weak refs: 0

JNI global refs memory usage: 0, weak refs: 0

Process memory usage:
Resident Set Size: 10812K (0% of 16669604K total physical memory with 1911820K free physical memory)

OOME stack traces (most recent first):
Classloader memory used:

---------------  S Y S T E M  ---------------

OS:
 Windows 10 , 64 bit Build 19041 (10.0.19041.4842)
OS uptime: 2 days 20:05 hours

CPU: total 8 (initial active 8) (4 cores per cpu, 2 threads per core) family 6 model 94 stepping 3 microcode 0xec, cx8, cmov, fxsr, ht, mmx, 3dnowpref, sse, sse2, sse3, ssse3, sse4.1, sse4.2, popcnt, lzcnt, tsc, tscinvbit, avx, avx2, aes, erms, clmul, bmi1, bmi2, rtm, adx, fma, vzeroupper, clflush, clflushopt, rdtscp, f16c
Processor Information for all 8 processors :
  Max Mhz: 2701, Current Mhz: 2701, Mhz Limit: 2701

Memory: 4k page, system-wide physical 16278M (1867M free)
TotalPageFile size 16278M (AvailPageFile size 103M)
current process WorkingSet (physical memory assigned to process): 10M, peak: 10M
current process commit charge ("private bytes"): 60M, peak: 188M

vm_info: OpenJDK 64-Bit Server VM (21.0.3+13-b509.4) for windows-amd64 JRE (21.0.3+13-b509.4), built on 2024-06-26 by "builduser" with MS VC++ 16.10 / 16.11 (VS2019)

END.
